Arguments: 
  D:\Program Files\nodejs\node.exe C:\Program Files (x86)\Yarn\bin\yarn.js dev

PATH: 
  E:\Downloads\cmder\vendor\conemu-maximus5\ConEmu;E:\Downloads\cmder\vendor\conemu-maximus5;D:\Ruby22-x64\bin;C:\Program Files (x86)\NVIDIA Corporation\PhysX\Common;C:\ProgramData\Oracle\Java\javapath;C:\Program Files (x86)\Intel\iCLS Client\;C:\Program Files\Intel\iCLS Client\;C:\Windows\system32;C:\Windows;C:\Windows\System32\Wbem;C:\Windows\System32\WindowsPowerShell\v1.0\;C:\Program Files (x86)\Windows Live\Shared;C:\Program Files\Intel\Intel(R) Management Engine Components\DAL;C:\Program Files\Intel\Intel(R) Management Engine Components\IPT;C:\Program Files (x86)\Intel\Intel(R) Management Engine Components\DAL;C:\Program Files (x86)\Intel\Intel(R) Management Engine Components\IPT;D:\Program Files\Git LFS;D:\Program Files\Git\cmd;D:\curl\bin;D:\Program Files\Bitvise SSH Client;C:\Program Files (x86)\Skype\Phone\;C:\Program Files (x86)\get_iplayer;D:\Program Files\nodejs\;C:\Program Files (x86)\Yarn\bin;C:\Users\Leivvi\AppData\Local\atom\bin;C:\Users\Leivvi\AppData\Roaming\npm;C:\Users\Leivvi\AppData\Local\Yarn\bin

Yarn version: 
  1.1.0

Node version: 
  8.6.0

Platform: 
  win32 x64

npm manifest: 
  {
    "name": "xvthTriad",
    "version": "0.2.0",
    "versionName": "",
    "versionFlag": "beta",
    "private": true,
    "devDependencies": {
      "apache-server-configs": "^2.8.0",
      "babel": "^6.23.0",
      "babel-cli": "^6.26.0",
      "babel-core": "^6.26.0",
      "babel-plugin-transform-object-rest-spread": "^6.26.0",
      "babel-preset-env": "^1.6.0",
      "babel-preset-es2015": "^6.18.0",
      "body-parser": "^1.15.2",
      "compression": "^1.6.2",
      "connect-livereload": "^0.4.0",
      "cron": "^1.2.1",
      "express": "^4.14.0",
      "grunt": "^0.4.5",
      "grunt-babel": "^7.0.0",
      "grunt-contrib-clean": "^0.6.0",
      "grunt-contrib-copy": "^0.5.0",
      "grunt-contrib-cssmin": "^0.12.3",
      "grunt-contrib-requirejs": "^1.0.0",
      "grunt-contrib-sass": "^1.0.0",
      "grunt-contrib-uglify": "^0.6.0",
      "grunt-contrib-watch": "^0.6.1",
      "grunt-keepalive": "^1.0.0",
      "grunt-mocha": "^0.4.11",
      "grunt-newer": "^1.2.0",
      "grunt-open": "^0.2.3",
      "grunt-string-replace": "^1.3.1",
      "load-grunt-config": "^0.19.2",
      "load-grunt-tasks": "^3.5.2",
      "lodash": "^4.17.3",
      "morgan": "^1.7.0",
      "passport-facebook": "^2.1.1",
      "pouchdb": "^6.1.1",
      "requirejs": "^2.3.5",
      "serve-static": "^1.11.1",
      "shelljs": "^0.7.5",
      "socket.io": "^1.7.2",
      "superlogin": "^0.6.1",
      "time-grunt": "^1.0.0",
      "webpack": "^3.6.0",
      "webpack-dev-middleware": "^1.12.0"
    },
    "engines": {
      "node": ">=0.10.0"
    },
    "dependencies": {
      "es6-promise": "^4.0.5",
      "whatwg-fetch": "^2.0.1"
    },
    "scripts": {
      "dev": "cross-env NODE_ENV=development webpack-dev-server --inline --hot --progress",
      "start": "serve build -s -c 1",
      "prestart": "npm run build",
      "build": "cross-env NODE_ENV=production webpack --progress",
      "prebuild": "mkdirp build && ncp src/assets build/assets",
      "test": "npm run -s lint && jest --coverage",
      "test:watch": "npm run -s test -- --watch",
      "lint": "eslint src test"
    },
  }

yarn manifest: 
  No manifest

Lockfile: 
  No lockfile

Trace: 
  SyntaxError: D:\wamp\www\backbone\xvthTriad\package.json: Unexpected token } in JSON at position 1980
      at JSON.parse (<anonymous>)
      at C:\Program Files (x86)\Yarn\lib\cli.js:764:59
      at Generator.next (<anonymous>)
      at step (C:\Program Files (x86)\Yarn\lib\cli.js:92:30)
      at C:\Program Files (x86)\Yarn\lib\cli.js:103:13
      at <anonymous>
